*design* DebussyLib (btIdent Verdi_R-2020.12-SP2)
Command arguments:  -lib  /mnt/vol_NFS_rh003/Est_Verif_II2023/JavierEspinozaR_II_2023/Proyectos_Verificacion/Proyecto_1/development/Javier/salida.daidir/work  -saveLevel  -elab  /mnt/vol_NFS_rh003/Est_Verif_II2023/JavierEspinozaR_II_2023/Proyectos_Verificacion/Proyecto_1/development/Javier/salida.daidir/kdb  -simflow  -simdir  /mnt/vol_NFS_rh003/Est_Verif_II2023/JavierEspinozaR_II_2023/Proyectos_Verificacion/Proyecto_1/development/Javier/salida.daidir/kdb_libs  -topfile  /mnt/vol_NFS_rh003/Est_Verif_II2023/JavierEspinozaR_II_2023/Proyectos_Verificacion/Proyecto_1/development/Javier/salida.daidir/.elabcomTopFile  -pkgfile  /mnt/vol_NFS_rh003/Est_Verif_II2023/JavierEspinozaR_II_2023/Proyectos_Verificacion/Proyecto_1/development/Javier/salida.daidir/.elabcomPkgFile  -ssz  -ssv  -ssy  -Lf  work  +disable_message+C00380+C00381  +disable_message+C00388+C00389  -SNPS_ELABCOM  -saveElab 

*Error* unbound user defined type ag_dr_mbx
"Driver.sv", 10: 

*Warning* 'ag_dr_mbx' is not a parameter type.
"Driver.sv", 10: 

*Error* unbound user defined type ag_chk_sb_mbx
"agente.sv", 7: 

*Warning* 'ag_chk_sb_mbx' is not a parameter type.
"agente.sv", 7: 

*Error* unbound user defined type ag_chk_sb_mbx
"checker_scoreboard.sv", 7: 

*Warning* 'ag_chk_sb_mbx' is not a parameter type.
"checker_scoreboard.sv", 7: 

*Error* unbound user defined type ag_chk_sb_mbx
"Ambiente.sv", 18: 

*Warning* 'ag_chk_sb_mbx' is not a parameter type.
"Ambiente.sv", 18: 

*Error* unbound user defined type ag_dr_mbx
"Ambiente.sv", 20: 

*Warning* 'ag_dr_mbx' is not a parameter type.
"Ambiente.sv", 20: 

*Error* unbound user defined type ag_dr_mbx
"Driver.sv", 10: 

*Error* unbound user defined type ag_chk_sb_mbx
"agente.sv", 7: 

*Error* unbound user defined type ag_chk_sb_mbx
"checker_scoreboard.sv", 7: 

*Error* unbound user defined type ag_chk_sb_mbx
"Ambiente.sv", 18: 

*Error* unbound user defined type ag_dr_mbx
"Ambiente.sv", 20: 
Total	10 error(s),   5 warning(s)
